2018-12-14T11:23:35+00:00 CRITICAL Maximum execution time of 30 seconds exceeded

2018-12-14T11:36:54+00:00 CRITICAL Maximum execution time of 30 seconds exceeded

2018-12-14T12:03:33+00:00 CRITICAL Maximum execution time of 30 seconds exceeded

2018-12-14T12:21:38+00:00 CRITICAL Maximum execution time of 30 seconds exceeded

2018-12-14T12:22:38+00:00 CRITICAL Maximum execution time of 30 seconds exceeded

2018-12-14T12:23:12+00:00 CRITICAL Maximum execution time of 30 seconds exceeded

2018-12-14T12:58:39+00:00 CRITICAL Uncaught Error: Call to a member function get_price() on integer in C:\Users\Tony\Documents\sites\mundo-bolita\wp-content\themes\mundo-bolita\page-mb-stock.php:45
Stack trace:
#0 C:\Users\Tony\Documents\sites\mundo-bolita\wp-includes\template-loader.php(74): include()
#1 C:\Users\Tony\Documents\sites\mundo-bolita\wp-blog-header.php(19): require_once('C:\\Users\\Tony\\D...')
#2 C:\Users\Tony\Documents\sites\mundo-bolita\index.php(17): require('C:\\Users\\Tony\\D...')
#3 {main}
  thrown

2018-12-14T13:28:26+00:00 CRITICAL Uncaught Error: Call to a member function get_regular_price() on boolean in C:\Users\Tony\Documents\sites\mundo-bolita\wp-content\themes\mundo-bolita\page-mb-stock.php:29
Stack trace:
#0 C:\Users\Tony\Documents\sites\mundo-bolita\wp-includes\template-loader.php(74): include()
#1 C:\Users\Tony\Documents\sites\mundo-bolita\wp-blog-header.php(19): require_once('C:\\Users\\Tony\\D...')
#2 C:\Users\Tony\Documents\sites\mundo-bolita\index.php(17): require('C:\\Users\\Tony\\D...')
#3 {main}
  thrown

2018-12-14T16:00:22+00:00 CRITICAL Uncaught Error: Call to a member function get_stock_quantity() on null in C:\Users\Tony\Documents\sites\mundo-bolita\wp-content\themes\mundo-bolita\page-mb-stock.php:54
Stack trace:
#0 C:\Users\Tony\Documents\sites\mundo-bolita\wp-includes\template-loader.php(74): include()
#1 C:\Users\Tony\Documents\sites\mundo-bolita\wp-blog-header.php(19): require_once('C:\\Users\\Tony\\D...')
#2 C:\Users\Tony\Documents\sites\mundo-bolita\index.php(17): require('C:\\Users\\Tony\\D...')
#3 {main}
  thrown

2018-12-14T16:01:47+00:00 CRITICAL Uncaught Error: Call to a member function get_stock_quantity() on null in C:\Users\Tony\Documents\sites\mundo-bolita\wp-content\themes\mundo-bolita\page-mb-stock.php:54
Stack trace:
#0 C:\Users\Tony\Documents\sites\mundo-bolita\wp-includes\template-loader.php(74): include()
#1 C:\Users\Tony\Documents\sites\mundo-bolita\wp-blog-header.php(19): require_once('C:\\Users\\Tony\\D...')
#2 C:\Users\Tony\Documents\sites\mundo-bolita\index.php(17): require('C:\\Users\\Tony\\D...')
#3 {main}
  thrown

2018-12-14T16:02:09+00:00 CRITICAL Uncaught Error: Call to a member function get_regular_price() on boolean in C:\Users\Tony\Documents\sites\mundo-bolita\wp-content\themes\mundo-bolita\page-mb-stock.php:43
Stack trace:
#0 C:\Users\Tony\Documents\sites\mundo-bolita\wp-includes\template-loader.php(74): include()
#1 C:\Users\Tony\Documents\sites\mundo-bolita\wp-blog-header.php(19): require_once('C:\\Users\\Tony\\D...')
#2 C:\Users\Tony\Documents\sites\mundo-bolita\index.php(17): require('C:\\Users\\Tony\\D...')
#3 {main}
  thrown

2018-12-14T16:06:38+00:00 CRITICAL Uncaught Error: Call to a member function get_stock_quantity() on null in C:\Users\Tony\Documents\sites\mundo-bolita\wp-content\themes\mundo-bolita\page-mb-stock.php:56
Stack trace:
#0 C:\Users\Tony\Documents\sites\mundo-bolita\wp-includes\template-loader.php(74): include()
#1 C:\Users\Tony\Documents\sites\mundo-bolita\wp-blog-header.php(19): require_once('C:\\Users\\Tony\\D...')
#2 C:\Users\Tony\Documents\sites\mundo-bolita\index.php(17): require('C:\\Users\\Tony\\D...')
#3 {main}
  thrown

