2018-06-29T12:36:46+00:00 CRITICAL Uncaught Error: Call to a member function get_id() on string in C:\Users\Tony\Documents\sites\mundo-bolita\wp-content\themes\mundo-bolita\single.php:7
Stack trace:
#0 C:\Users\Tony\Documents\sites\mundo-bolita\wp-includes\template-loader.php(74): include()
#1 C:\Users\Tony\Documents\sites\mundo-bolita\wp-blog-header.php(19): require_once('C:\\Users\\Tony\\D...')
#2 C:\Users\Tony\Documents\sites\mundo-bolita\index.php(17): require('C:\\Users\\Tony\\D...')
#3 {main}
  thrown

2018-06-29T12:37:30+00:00 CRITICAL Uncaught Error: Call to a member function get_id() on string in C:\Users\Tony\Documents\sites\mundo-bolita\wp-content\themes\mundo-bolita\single.php:7
Stack trace:
#0 C:\Users\Tony\Documents\sites\mundo-bolita\wp-includes\template-loader.php(74): include()
#1 C:\Users\Tony\Documents\sites\mundo-bolita\wp-blog-header.php(19): require_once('C:\\Users\\Tony\\D...')
#2 C:\Users\Tony\Documents\sites\mundo-bolita\index.php(17): require('C:\\Users\\Tony\\D...')
#3 {main}
  thrown

2018-06-29T12:38:10+00:00 CRITICAL Uncaught Error: Call to a member function get_id() on string in C:\Users\Tony\Documents\sites\mundo-bolita\wp-content\themes\mundo-bolita\single.php:6
Stack trace:
#0 C:\Users\Tony\Documents\sites\mundo-bolita\wp-includes\template-loader.php(74): include()
#1 C:\Users\Tony\Documents\sites\mundo-bolita\wp-blog-header.php(19): require_once('C:\\Users\\Tony\\D...')
#2 C:\Users\Tony\Documents\sites\mundo-bolita\index.php(17): require('C:\\Users\\Tony\\D...')
#3 {main}
  thrown

2018-06-29T12:38:18+00:00 CRITICAL Uncaught Error: Call to a member function get_id() on string in C:\Users\Tony\Documents\sites\mundo-bolita\wp-content\themes\mundo-bolita\single.php:6
Stack trace:
#0 C:\Users\Tony\Documents\sites\mundo-bolita\wp-includes\template-loader.php(74): include()
#1 C:\Users\Tony\Documents\sites\mundo-bolita\wp-blog-header.php(19): require_once('C:\\Users\\Tony\\D...')
#2 C:\Users\Tony\Documents\sites\mundo-bolita\index.php(17): require('C:\\Users\\Tony\\D...')
#3 {main}
  thrown

